<?xml version="1.0" encoding="UTF-8"?>
<!-- Generated by org.testng.reporters.JUnitXMLReporter -->
<testsuite ignored="2" hostname="DESKTOP-DRKC6J6" failures="0" tests="8" name="Test" time="132.753" errors="0" timestamp="2024-10-13T14:27:14 IST">
  <testcase classname="SeleniumFrameWork.MavenProject.AppTest" name="testCases_03" time="3.751"/>
  <testcase classname="SeleniumFrameWork.MavenProject.AppTest" name="testCases_04" time="11.042"/>
  <testcase classname="SeleniumFrameWork.MavenProject.AppTest" name="testCases_05" time="3.835"/>
  <testcase classname="SeleniumFrameWork.MavenProject.AppTest" name="testCases_06" time="4.161"/>
  <testcase classname="SeleniumFrameWork.MavenProject.AppTest" name="testCases_07" time="1.562"/>
  <testcase classname="SeleniumFrameWork.MavenProject.AppTest" name="testCases_08" time="3.921"/>
  <testcase classname="SeleniumFrameWork.MavenProject.AppTest" name="testCases_09" time="4.204"/>
  <testcase classname="SeleniumFrameWork.MavenProject.AppTest" name="testCases_10" time="0.326"/>
  <testcase classname="SeleniumFrameWork.MavenProject.AppTest" name="testCases_01" time="0.0">
    <ignored/>
  </testcase> <!-- testCases_01 -->
  <testcase classname="SeleniumFrameWork.MavenProject.AppTest" name="testCases_02" time="0.0">
    <ignored/>
  </testcase> <!-- testCases_02 -->
</testsuite> <!-- Test -->
