<?xml version="1.0" encoding="UTF-8"?>
<!-- Generated by org.testng.reporters.JUnitXMLReporter -->
<testsuite ignored="24" hostname="DESKTOP-DRKC6J6" failures="0" tests="1" name="Default test" time="56.292" errors="0" timestamp="2024-11-01T15:09:59 IST">
  <testcase classname="SeleniumFrameWork.MavenProject.AppTest" name="testCases_24" time="44.743"/>
  <testcase classname="SeleniumFrameWork.MavenProject.AppTest" name="testCases_Demo" time="0.0">
    <ignored/>
  </testcase> <!-- testCases_Demo -->
  <testcase classname="SeleniumFrameWork.MavenProject.AppTest" name="testCases_21" time="0.0">
    <ignored/>
  </testcase> <!-- testCases_21 -->
  <testcase classname="SeleniumFrameWork.MavenProject.AppTest" name="testCases_10" time="0.0">
    <ignored/>
  </testcase> <!-- testCases_10 -->
  <testcase classname="SeleniumFrameWork.MavenProject.AppTest" name="testCases_23" time="0.0">
    <ignored/>
  </testcase> <!-- testCases_23 -->
  <testcase classname="SeleniumFrameWork.MavenProject.AppTest" name="testCases_12" time="0.0">
    <ignored/>
  </testcase> <!-- testCases_12 -->
  <testcase classname="SeleniumFrameWork.MavenProject.AppTest" name="testCases_01" time="0.0">
    <ignored/>
  </testcase> <!-- testCases_01 -->
  <testcase classname="SeleniumFrameWork.MavenProject.AppTest" name="testCases_20" time="0.0">
    <ignored/>
  </testcase> <!-- testCases_20 -->
  <testcase classname="SeleniumFrameWork.MavenProject.AppTest" name="testCases_14" time="0.0">
    <ignored/>
  </testcase> <!-- testCases_14 -->
  <testcase classname="SeleniumFrameWork.MavenProject.AppTest" name="testCases_03" time="0.0">
    <ignored/>
  </testcase> <!-- testCases_03 -->
  <testcase classname="SeleniumFrameWork.MavenProject.AppTest" name="testCases_22" time="0.0">
    <ignored/>
  </testcase> <!-- testCases_22 -->
  <testcase classname="SeleniumFrameWork.MavenProject.AppTest" name="testCases_11" time="0.0">
    <ignored/>
  </testcase> <!-- testCases_11 -->
  <testcase classname="SeleniumFrameWork.MavenProject.AppTest" name="testCases_16" time="0.0">
    <ignored/>
  </testcase> <!-- testCases_16 -->
  <testcase classname="SeleniumFrameWork.MavenProject.AppTest" name="testCases_05" time="0.0">
    <ignored/>
  </testcase> <!-- testCases_05 -->
  <testcase classname="SeleniumFrameWork.MavenProject.AppTest" name="testCases_13" time="0.0">
    <ignored/>
  </testcase> <!-- testCases_13 -->
  <testcase classname="SeleniumFrameWork.MavenProject.AppTest" name="testCases_02" time="0.0">
    <ignored/>
  </testcase> <!-- testCases_02 -->
  <testcase classname="SeleniumFrameWork.MavenProject.AppTest" name="testCases_18" time="0.0">
    <ignored/>
  </testcase> <!-- testCases_18 -->
  <testcase classname="SeleniumFrameWork.MavenProject.AppTest" name="testCases_07" time="0.0">
    <ignored/>
  </testcase> <!-- testCases_07 -->
  <testcase classname="SeleniumFrameWork.MavenProject.AppTest" name="testCases_15" time="0.0">
    <ignored/>
  </testcase> <!-- testCases_15 -->
  <testcase classname="SeleniumFrameWork.MavenProject.AppTest" name="testCases_04" time="0.0">
    <ignored/>
  </testcase> <!-- testCases_04 -->
  <testcase classname="SeleniumFrameWork.MavenProject.AppTest" name="testCases_09" time="0.0">
    <ignored/>
  </testcase> <!-- testCases_09 -->
  <testcase classname="SeleniumFrameWork.MavenProject.AppTest" name="testCases_17" time="0.0">
    <ignored/>
  </testcase> <!-- testCases_17 -->
  <testcase classname="SeleniumFrameWork.MavenProject.AppTest" name="testCases_06" time="0.0">
    <ignored/>
  </testcase> <!-- testCases_06 -->
  <testcase classname="SeleniumFrameWork.MavenProject.AppTest" name="testCases_19" time="0.0">
    <ignored/>
  </testcase> <!-- testCases_19 -->
  <testcase classname="SeleniumFrameWork.MavenProject.AppTest" name="testCases_08" time="0.0">
    <ignored/>
  </testcase> <!-- testCases_08 -->
</testsuite> <!-- Default test -->
