<?xml version="1.0" encoding="UTF-8"?>
<!-- Generated by org.testng.reporters.JUnitXMLReporter -->
<testsuite ignored="15" hostname="DESKTOP-DRKC6J6" failures="0" tests="1" name="Test" time="30.404" errors="0" timestamp="2024-10-20T22:30:12 IST">
  <testcase classname="SeleniumFrameWork.MavenProject.AppTest" name="testCases_15" time="21.039"/>
  <testcase classname="SeleniumFrameWork.MavenProject.AppTest" name="testCases_12" time="0.0">
    <ignored/>
  </testcase> <!-- testCases_12 -->
  <testcase classname="SeleniumFrameWork.MavenProject.AppTest" name="testCases_01" time="0.0">
    <ignored/>
  </testcase> <!-- testCases_01 -->
  <testcase classname="SeleniumFrameWork.MavenProject.AppTest" name="testCases_11" time="0.0">
    <ignored/>
  </testcase> <!-- testCases_11 -->
  <testcase classname="SeleniumFrameWork.MavenProject.AppTest" name="testCases_10" time="0.0">
    <ignored/>
  </testcase> <!-- testCases_10 -->
  <testcase classname="SeleniumFrameWork.MavenProject.AppTest" name="testCases_05" time="0.0">
    <ignored/>
  </testcase> <!-- testCases_05 -->
  <testcase classname="SeleniumFrameWork.MavenProject.AppTest" name="testCases_04" time="0.0">
    <ignored/>
  </testcase> <!-- testCases_04 -->
  <testcase classname="SeleniumFrameWork.MavenProject.AppTest" name="testCases_14" time="0.0">
    <ignored/>
  </testcase> <!-- testCases_14 -->
  <testcase classname="SeleniumFrameWork.MavenProject.AppTest" name="testCases_03" time="0.0">
    <ignored/>
  </testcase> <!-- testCases_03 -->
  <testcase classname="SeleniumFrameWork.MavenProject.AppTest" name="testCases_13" time="0.0">
    <ignored/>
  </testcase> <!-- testCases_13 -->
  <testcase classname="SeleniumFrameWork.MavenProject.AppTest" name="testCases_02" time="0.0">
    <ignored/>
  </testcase> <!-- testCases_02 -->
  <testcase classname="SeleniumFrameWork.MavenProject.AppTest" name="testCases_Demo" time="0.0">
    <ignored/>
  </testcase> <!-- testCases_Demo -->
  <testcase classname="SeleniumFrameWork.MavenProject.AppTest" name="testCases_09" time="0.0">
    <ignored/>
  </testcase> <!-- testCases_09 -->
  <testcase classname="SeleniumFrameWork.MavenProject.AppTest" name="testCases_08" time="0.0">
    <ignored/>
  </testcase> <!-- testCases_08 -->
  <testcase classname="SeleniumFrameWork.MavenProject.AppTest" name="testCases_07" time="0.0">
    <ignored/>
  </testcase> <!-- testCases_07 -->
  <testcase classname="SeleniumFrameWork.MavenProject.AppTest" name="testCases_06" time="0.0">
    <ignored/>
  </testcase> <!-- testCases_06 -->
</testsuite> <!-- Test -->
