<?xml version="1.0" encoding="UTF-8"?>
<testng-results ignored="0" total="1" passed="1" failed="0" skipped="0">
  <reporter-output>
  </reporter-output>
  <suite started-at="2024-10-26T12:34:10 IST" name="Default suite" finished-at="2024-10-26T12:34:25 IST" duration-ms="15272">
    <groups>
    </groups>
    <test started-at="2024-10-26T12:34:10 IST" name="Default test" finished-at="2024-10-26T12:34:25 IST" duration-ms="15272">
      <class name="SeleniumFrameWork.MavenProject.AppTest">
        <test-method is-config="true" signature="extentsetup()[pri:0, instance:SeleniumFrameWork.MavenProject.AppTest@58cbafc2]" started-at="2024-10-26T12:34:10 IST" name="extentsetup" finished-at="2024-10-26T12:34:10 IST" duration-ms="228" status="PASS">
          <reporter-output>
          </reporter-output>
        </test-method> <!-- extentsetup -->
        <test-method is-config="true" signature="SetupApp()[pri:0, instance:SeleniumFrameWork.MavenProject.AppTest@58cbafc2]" started-at="2024-10-26T12:34:10 IST" name="SetupApp" finished-at="2024-10-26T12:34:20 IST" duration-ms="9587" status="PASS">
          <reporter-output>
          </reporter-output>
        </test-method> <!-- SetupApp -->
        <test-method is-config="true" signature="setupTestResults(org.testng.ITestResult)[pri:0, instance:SeleniumFrameWork.MavenProject.AppTest@58cbafc2]" started-at="2024-10-26T12:34:20 IST" name="setupTestResults" finished-at="2024-10-26T12:34:20 IST" duration-ms="10" status="PASS">
          <params>
            <param index="0">
              <value>
                <![CDATA[[TestResult name={null} status=CREATED method=AppTest.testCases_Demo()[pri:0, instance:SeleniumFrameWork.MavenProject.AppTest@58cbafc2] output={null}]]]>
              </value>
            </param>
          </params>
          <reporter-output>
          </reporter-output>
        </test-method> <!-- setupTestResults -->
        <test-method signature="testCases_Demo()[pri:0, instance:SeleniumFrameWork.MavenProject.AppTest@58cbafc2]" started-at="2024-10-26T12:34:20 IST" name="testCases_Demo" finished-at="2024-10-26T12:34:25 IST" duration-ms="4953" status="PASS">
          <reporter-output>
          </reporter-output>
        </test-method> <!-- testCases_Demo -->
        <test-method is-config="true" signature="quitAppResults(org.testng.ITestResult)[pri:0, instance:SeleniumFrameWork.MavenProject.AppTest@58cbafc2]" started-at="2024-10-26T12:34:25 IST" name="quitAppResults" finished-at="2024-10-26T12:34:25 IST" duration-ms="11" status="PASS">
          <params>
            <param index="0">
              <value>
                <![CDATA[[TestResult name=testCases_Demo status=SUCCESS method=AppTest.testCases_Demo()[pri:0, instance:SeleniumFrameWork.MavenProject.AppTest@58cbafc2] output={null}]]]>
              </value>
            </param>
          </params>
          <reporter-output>
          </reporter-output>
        </test-method> <!-- quitAppResults -->
        <test-method is-config="true" signature="clearExtentReport()[pri:0, instance:SeleniumFrameWork.MavenProject.AppTest@58cbafc2]" started-at="2024-10-26T12:34:25 IST" name="clearExtentReport" finished-at="2024-10-26T12:34:25 IST" duration-ms="443" status="PASS">
          <reporter-output>
          </reporter-output>
        </test-method> <!-- clearExtentReport -->
      </class> <!-- SeleniumFrameWork.MavenProject.AppTest -->
    </test> <!-- Default test -->
  </suite> <!-- Default suite -->
</testng-results>
